Arguments: 
  /usr/local/bin/node /usr/local/Cellar/yarn/1.22.4/libexec/bin/yarn.js run deploy

PATH: 
  /Library/Frameworks/Python.framework/Versions/3.6/bin:/usr/local/bin:/usr/bin:/bin:/usr/sbin:/sbin:/usr/local/go/bin:/Library/Frameworks/Python.framework/Versions/3.6/bin:/opt/metasploit-framework/bin:/opt/metasploit-framework/bin:/opt/metasploit-framework/bin

Yarn version: 
  1.22.4

Node version: 
  12.16.3

Platform: 
  darwin x64

Trace: 
  SyntaxError: /Users/owenstegall/Desktop/Comp 426/COMP426Final/package.json: Unexpected token } in JSON at position 436
      at JSON.parse (<anonymous>)
      at /usr/local/Cellar/yarn/1.22.4/libexec/lib/cli.js:1625:59
      at Generator.next (<anonymous>)
      at step (/usr/local/Cellar/yarn/1.22.4/libexec/lib/cli.js:310:30)
      at /usr/local/Cellar/yarn/1.22.4/libexec/lib/cli.js:321:13

npm manifest: 
  {
    "homepage": "https://ostegall.github.io/COMP426Final/",
    "name": "comp426final",
    "version": "1.0.0",
    "description": "",
    "main": "index.js",
    "scripts": {
      "predeploy": "npm run build",
      "deploy": "gh-pages -d build",
      "test": "echo \"Error: no test specified\" && exit 1"
    },
    "repository": {
      "type": "git",
      "url": "git+https://github.com/ostegall/COMP426Final.git",
      "build": "react-scripts build",
    },
    "author": "",
    "license": "ISC",
    "bugs": {
      "url": "https://github.com/ostegall/COMP426Final/issues"
    }
  }

yarn manifest: 
  No manifest

Lockfile: 
  No lockfile
